[2023-07-19T18:15:39.754+0000] {processor.py:157} INFO - Started process (PID=119) to work on /opt/airflow/dags/rss_feed_dag.py
[2023-07-19T18:15:39.755+0000] {processor.py:826} INFO - Processing file /opt/airflow/dags/rss_feed_dag.py for tasks to queue
[2023-07-19T18:15:39.756+0000] {logging_mixin.py:150} INFO - [2023-07-19T18:15:39.756+0000] {dagbag.py:541} INFO - Filling up the DagBag from /opt/airflow/dags/rss_feed_dag.py
[2023-07-19T18:15:39.936+0000] {logging_mixin.py:150} INFO - [2023-07-19T18:15:39.932+0000] {dagbag.py:350} ERROR - Failed to import: /opt/airflow/dags/rss_feed_dag.py
Traceback (most recent call last):
  File "/home/airflow/.local/lib/python3.7/site-packages/airflow/models/dagbag.py", line 346, in parse
    loader.exec_module(new_module)
  File "<frozen importlib._bootstrap_external>", line 728, in exec_module
  File "<frozen importlib._bootstrap>", line 219, in _call_with_frames_removed
  File "/opt/airflow/dags/rss_feed_dag.py", line 5, in <module>
    import feedparser
ModuleNotFoundError: No module named 'feedparser'
[2023-07-19T18:15:39.938+0000] {processor.py:838} WARNING - No viable dags retrieved from /opt/airflow/dags/rss_feed_dag.py
[2023-07-19T18:15:39.971+0000] {processor.py:179} INFO - Processing /opt/airflow/dags/rss_feed_dag.py took 0.222 seconds
[2023-07-19T18:16:10.269+0000] {processor.py:157} INFO - Started process (PID=127) to work on /opt/airflow/dags/rss_feed_dag.py
[2023-07-19T18:16:10.270+0000] {processor.py:826} INFO - Processing file /opt/airflow/dags/rss_feed_dag.py for tasks to queue
[2023-07-19T18:16:10.271+0000] {logging_mixin.py:150} INFO - [2023-07-19T18:16:10.271+0000] {dagbag.py:541} INFO - Filling up the DagBag from /opt/airflow/dags/rss_feed_dag.py
[2023-07-19T18:16:10.431+0000] {logging_mixin.py:150} INFO - [2023-07-19T18:16:10.426+0000] {dagbag.py:350} ERROR - Failed to import: /opt/airflow/dags/rss_feed_dag.py
Traceback (most recent call last):
  File "/home/airflow/.local/lib/python3.7/site-packages/airflow/models/dagbag.py", line 346, in parse
    loader.exec_module(new_module)
  File "<frozen importlib._bootstrap_external>", line 728, in exec_module
  File "<frozen importlib._bootstrap>", line 219, in _call_with_frames_removed
  File "/opt/airflow/dags/rss_feed_dag.py", line 5, in <module>
    import feedparser
ModuleNotFoundError: No module named 'feedparser'
[2023-07-19T18:16:10.432+0000] {processor.py:838} WARNING - No viable dags retrieved from /opt/airflow/dags/rss_feed_dag.py
[2023-07-19T18:16:10.455+0000] {processor.py:179} INFO - Processing /opt/airflow/dags/rss_feed_dag.py took 0.192 seconds
[2023-07-19T18:16:40.653+0000] {processor.py:157} INFO - Started process (PID=135) to work on /opt/airflow/dags/rss_feed_dag.py
[2023-07-19T18:16:40.655+0000] {processor.py:826} INFO - Processing file /opt/airflow/dags/rss_feed_dag.py for tasks to queue
[2023-07-19T18:16:40.658+0000] {logging_mixin.py:150} INFO - [2023-07-19T18:16:40.657+0000] {dagbag.py:541} INFO - Filling up the DagBag from /opt/airflow/dags/rss_feed_dag.py
[2023-07-19T18:16:40.802+0000] {logging_mixin.py:150} INFO - [2023-07-19T18:16:40.760+0000] {dagbag.py:350} ERROR - Failed to import: /opt/airflow/dags/rss_feed_dag.py
Traceback (most recent call last):
  File "/home/airflow/.local/lib/python3.7/site-packages/airflow/models/dagbag.py", line 346, in parse
    loader.exec_module(new_module)
  File "<frozen importlib._bootstrap_external>", line 728, in exec_module
  File "<frozen importlib._bootstrap>", line 219, in _call_with_frames_removed
  File "/opt/airflow/dags/rss_feed_dag.py", line 5, in <module>
    import feedparser
ModuleNotFoundError: No module named 'feedparser'
[2023-07-19T18:16:40.810+0000] {processor.py:838} WARNING - No viable dags retrieved from /opt/airflow/dags/rss_feed_dag.py
[2023-07-19T18:16:40.838+0000] {processor.py:179} INFO - Processing /opt/airflow/dags/rss_feed_dag.py took 0.195 seconds
[2023-07-19T18:17:11.215+0000] {processor.py:157} INFO - Started process (PID=143) to work on /opt/airflow/dags/rss_feed_dag.py
[2023-07-19T18:17:11.216+0000] {processor.py:826} INFO - Processing file /opt/airflow/dags/rss_feed_dag.py for tasks to queue
[2023-07-19T18:17:11.217+0000] {logging_mixin.py:150} INFO - [2023-07-19T18:17:11.217+0000] {dagbag.py:541} INFO - Filling up the DagBag from /opt/airflow/dags/rss_feed_dag.py
[2023-07-19T18:17:11.382+0000] {logging_mixin.py:150} INFO - [2023-07-19T18:17:11.335+0000] {dagbag.py:350} ERROR - Failed to import: /opt/airflow/dags/rss_feed_dag.py
Traceback (most recent call last):
  File "/home/airflow/.local/lib/python3.7/site-packages/airflow/models/dagbag.py", line 346, in parse
    loader.exec_module(new_module)
  File "<frozen importlib._bootstrap_external>", line 728, in exec_module
  File "<frozen importlib._bootstrap>", line 219, in _call_with_frames_removed
  File "/opt/airflow/dags/rss_feed_dag.py", line 5, in <module>
    import feedparser
ModuleNotFoundError: No module named 'feedparser'
[2023-07-19T18:17:11.392+0000] {processor.py:838} WARNING - No viable dags retrieved from /opt/airflow/dags/rss_feed_dag.py
[2023-07-19T18:17:11.419+0000] {processor.py:179} INFO - Processing /opt/airflow/dags/rss_feed_dag.py took 0.210 seconds
[2023-07-19T18:17:41.524+0000] {processor.py:157} INFO - Started process (PID=152) to work on /opt/airflow/dags/rss_feed_dag.py
[2023-07-19T18:17:41.525+0000] {processor.py:826} INFO - Processing file /opt/airflow/dags/rss_feed_dag.py for tasks to queue
[2023-07-19T18:17:41.527+0000] {logging_mixin.py:150} INFO - [2023-07-19T18:17:41.526+0000] {dagbag.py:541} INFO - Filling up the DagBag from /opt/airflow/dags/rss_feed_dag.py
[2023-07-19T18:17:41.673+0000] {logging_mixin.py:150} INFO - [2023-07-19T18:17:41.592+0000] {dagbag.py:350} ERROR - Failed to import: /opt/airflow/dags/rss_feed_dag.py
Traceback (most recent call last):
  File "/home/airflow/.local/lib/python3.7/site-packages/airflow/models/dagbag.py", line 346, in parse
    loader.exec_module(new_module)
  File "<frozen importlib._bootstrap_external>", line 728, in exec_module
  File "<frozen importlib._bootstrap>", line 219, in _call_with_frames_removed
  File "/opt/airflow/dags/rss_feed_dag.py", line 5, in <module>
    import feedparser
ModuleNotFoundError: No module named 'feedparser'
[2023-07-19T18:17:41.683+0000] {processor.py:838} WARNING - No viable dags retrieved from /opt/airflow/dags/rss_feed_dag.py
[2023-07-19T18:17:41.717+0000] {processor.py:179} INFO - Processing /opt/airflow/dags/rss_feed_dag.py took 0.197 seconds
[2023-07-19T18:18:11.954+0000] {processor.py:157} INFO - Started process (PID=160) to work on /opt/airflow/dags/rss_feed_dag.py
[2023-07-19T18:18:11.955+0000] {processor.py:826} INFO - Processing file /opt/airflow/dags/rss_feed_dag.py for tasks to queue
[2023-07-19T18:18:11.957+0000] {logging_mixin.py:150} INFO - [2023-07-19T18:18:11.957+0000] {dagbag.py:541} INFO - Filling up the DagBag from /opt/airflow/dags/rss_feed_dag.py
[2023-07-19T18:18:12.108+0000] {logging_mixin.py:150} INFO - [2023-07-19T18:18:12.063+0000] {dagbag.py:350} ERROR - Failed to import: /opt/airflow/dags/rss_feed_dag.py
Traceback (most recent call last):
  File "/home/airflow/.local/lib/python3.7/site-packages/airflow/models/dagbag.py", line 346, in parse
    loader.exec_module(new_module)
  File "<frozen importlib._bootstrap_external>", line 728, in exec_module
  File "<frozen importlib._bootstrap>", line 219, in _call_with_frames_removed
  File "/opt/airflow/dags/rss_feed_dag.py", line 5, in <module>
    import feedparser
ModuleNotFoundError: No module named 'feedparser'
[2023-07-19T18:18:12.114+0000] {processor.py:838} WARNING - No viable dags retrieved from /opt/airflow/dags/rss_feed_dag.py
[2023-07-19T18:18:12.156+0000] {processor.py:179} INFO - Processing /opt/airflow/dags/rss_feed_dag.py took 0.207 seconds
[2023-07-19T18:19:38.234+0000] {processor.py:157} INFO - Started process (PID=31) to work on /opt/airflow/dags/rss_feed_dag.py
[2023-07-19T18:19:38.259+0000] {processor.py:826} INFO - Processing file /opt/airflow/dags/rss_feed_dag.py for tasks to queue
[2023-07-19T18:19:38.278+0000] {logging_mixin.py:150} INFO - [2023-07-19T18:19:38.277+0000] {dagbag.py:541} INFO - Filling up the DagBag from /opt/airflow/dags/rss_feed_dag.py
[2023-07-19T18:19:40.828+0000] {processor.py:836} INFO - DAG(s) dict_keys(['RSS_feed_dag']) retrieved from /opt/airflow/dags/rss_feed_dag.py
[2023-07-19T18:19:41.182+0000] {logging_mixin.py:150} INFO - [2023-07-19T18:19:41.181+0000] {manager.py:504} INFO - Created Permission View: can read on DAG:RSS_feed_dag
[2023-07-19T18:19:41.216+0000] {logging_mixin.py:150} INFO - [2023-07-19T18:19:41.216+0000] {manager.py:504} INFO - Created Permission View: can edit on DAG:RSS_feed_dag
[2023-07-19T18:19:41.238+0000] {logging_mixin.py:150} INFO - [2023-07-19T18:19:41.237+0000] {manager.py:504} INFO - Created Permission View: can delete on DAG:RSS_feed_dag
[2023-07-19T18:19:41.264+0000] {logging_mixin.py:150} INFO - [2023-07-19T18:19:41.263+0000] {dag.py:2742} INFO - Sync 1 DAGs
[2023-07-19T18:19:41.307+0000] {logging_mixin.py:150} INFO - [2023-07-19T18:19:41.306+0000] {dag.py:2763} INFO - Creating ORM DAG for RSS_feed_dag
[2023-07-19T18:19:41.330+0000] {logging_mixin.py:150} INFO - [2023-07-19T18:19:41.330+0000] {dag.py:3508} INFO - Setting next_dagrun for RSS_feed_dag to None, run_after=None
[2023-07-19T18:19:41.381+0000] {processor.py:179} INFO - Processing /opt/airflow/dags/rss_feed_dag.py took 3.154 seconds
[2023-07-19T18:20:11.543+0000] {processor.py:157} INFO - Started process (PID=43) to work on /opt/airflow/dags/rss_feed_dag.py
[2023-07-19T18:20:11.544+0000] {processor.py:826} INFO - Processing file /opt/airflow/dags/rss_feed_dag.py for tasks to queue
[2023-07-19T18:20:11.546+0000] {logging_mixin.py:150} INFO - [2023-07-19T18:20:11.545+0000] {dagbag.py:541} INFO - Filling up the DagBag from /opt/airflow/dags/rss_feed_dag.py
[2023-07-19T18:20:12.170+0000] {processor.py:836} INFO - DAG(s) dict_keys(['RSS_feed_dag']) retrieved from /opt/airflow/dags/rss_feed_dag.py
[2023-07-19T18:20:12.197+0000] {logging_mixin.py:150} INFO - [2023-07-19T18:20:12.197+0000] {dag.py:2742} INFO - Sync 1 DAGs
[2023-07-19T18:20:12.227+0000] {logging_mixin.py:150} INFO - [2023-07-19T18:20:12.227+0000] {dag.py:3508} INFO - Setting next_dagrun for RSS_feed_dag to None, run_after=None
[2023-07-19T18:20:12.253+0000] {processor.py:179} INFO - Processing /opt/airflow/dags/rss_feed_dag.py took 0.714 seconds
[2023-07-19T18:20:42.613+0000] {processor.py:157} INFO - Started process (PID=55) to work on /opt/airflow/dags/rss_feed_dag.py
[2023-07-19T18:20:42.614+0000] {processor.py:826} INFO - Processing file /opt/airflow/dags/rss_feed_dag.py for tasks to queue
[2023-07-19T18:20:42.615+0000] {logging_mixin.py:150} INFO - [2023-07-19T18:20:42.615+0000] {dagbag.py:541} INFO - Filling up the DagBag from /opt/airflow/dags/rss_feed_dag.py
[2023-07-19T18:20:43.324+0000] {processor.py:836} INFO - DAG(s) dict_keys(['RSS_feed_dag']) retrieved from /opt/airflow/dags/rss_feed_dag.py
[2023-07-19T18:20:43.351+0000] {logging_mixin.py:150} INFO - [2023-07-19T18:20:43.351+0000] {dag.py:2742} INFO - Sync 1 DAGs
[2023-07-19T18:20:43.379+0000] {logging_mixin.py:150} INFO - [2023-07-19T18:20:43.379+0000] {dag.py:3508} INFO - Setting next_dagrun for RSS_feed_dag to None, run_after=None
[2023-07-19T18:20:43.403+0000] {processor.py:179} INFO - Processing /opt/airflow/dags/rss_feed_dag.py took 0.795 seconds
[2023-07-19T18:21:13.988+0000] {processor.py:157} INFO - Started process (PID=68) to work on /opt/airflow/dags/rss_feed_dag.py
[2023-07-19T18:21:13.989+0000] {processor.py:826} INFO - Processing file /opt/airflow/dags/rss_feed_dag.py for tasks to queue
[2023-07-19T18:21:13.991+0000] {logging_mixin.py:150} INFO - [2023-07-19T18:21:13.991+0000] {dagbag.py:541} INFO - Filling up the DagBag from /opt/airflow/dags/rss_feed_dag.py
[2023-07-19T18:21:14.567+0000] {processor.py:836} INFO - DAG(s) dict_keys(['RSS_feed_dag']) retrieved from /opt/airflow/dags/rss_feed_dag.py
[2023-07-19T18:21:14.595+0000] {logging_mixin.py:150} INFO - [2023-07-19T18:21:14.594+0000] {dag.py:2742} INFO - Sync 1 DAGs
[2023-07-19T18:21:14.621+0000] {logging_mixin.py:150} INFO - [2023-07-19T18:21:14.621+0000] {dag.py:3508} INFO - Setting next_dagrun for RSS_feed_dag to None, run_after=None
[2023-07-19T18:21:14.648+0000] {processor.py:179} INFO - Processing /opt/airflow/dags/rss_feed_dag.py took 0.664 seconds
[2023-07-19T18:43:18.805+0000] {processor.py:157} INFO - Started process (PID=31) to work on /opt/airflow/dags/rss_feed_dag.py
[2023-07-19T18:43:18.811+0000] {processor.py:826} INFO - Processing file /opt/airflow/dags/rss_feed_dag.py for tasks to queue
[2023-07-19T18:43:18.849+0000] {logging_mixin.py:150} INFO - [2023-07-19T18:43:18.848+0000] {dagbag.py:541} INFO - Filling up the DagBag from /opt/airflow/dags/rss_feed_dag.py
[2023-07-19T18:43:20.052+0000] {processor.py:836} INFO - DAG(s) dict_keys(['RSS_feed_dag']) retrieved from /opt/airflow/dags/rss_feed_dag.py
[2023-07-19T18:43:20.351+0000] {logging_mixin.py:150} INFO - [2023-07-19T18:43:20.350+0000] {dag.py:2742} INFO - Sync 1 DAGs
[2023-07-19T18:43:20.410+0000] {logging_mixin.py:150} INFO - [2023-07-19T18:43:20.409+0000] {dag.py:3508} INFO - Setting next_dagrun for RSS_feed_dag to None, run_after=None
[2023-07-19T18:43:20.471+0000] {processor.py:179} INFO - Processing /opt/airflow/dags/rss_feed_dag.py took 1.678 seconds
[2023-07-19T18:43:50.748+0000] {processor.py:157} INFO - Started process (PID=43) to work on /opt/airflow/dags/rss_feed_dag.py
[2023-07-19T18:43:50.753+0000] {processor.py:826} INFO - Processing file /opt/airflow/dags/rss_feed_dag.py for tasks to queue
[2023-07-19T18:43:50.759+0000] {logging_mixin.py:150} INFO - [2023-07-19T18:43:50.758+0000] {dagbag.py:541} INFO - Filling up the DagBag from /opt/airflow/dags/rss_feed_dag.py
[2023-07-19T18:43:51.625+0000] {processor.py:836} INFO - DAG(s) dict_keys(['RSS_feed_dag']) retrieved from /opt/airflow/dags/rss_feed_dag.py
[2023-07-19T18:43:51.666+0000] {logging_mixin.py:150} INFO - [2023-07-19T18:43:51.665+0000] {dag.py:2742} INFO - Sync 1 DAGs
[2023-07-19T18:43:51.708+0000] {logging_mixin.py:150} INFO - [2023-07-19T18:43:51.708+0000] {dag.py:3508} INFO - Setting next_dagrun for RSS_feed_dag to None, run_after=None
[2023-07-19T18:43:51.756+0000] {processor.py:179} INFO - Processing /opt/airflow/dags/rss_feed_dag.py took 1.037 seconds
[2023-07-19T18:44:21.892+0000] {processor.py:157} INFO - Started process (PID=55) to work on /opt/airflow/dags/rss_feed_dag.py
[2023-07-19T18:44:21.893+0000] {processor.py:826} INFO - Processing file /opt/airflow/dags/rss_feed_dag.py for tasks to queue
[2023-07-19T18:44:21.896+0000] {logging_mixin.py:150} INFO - [2023-07-19T18:44:21.895+0000] {dagbag.py:541} INFO - Filling up the DagBag from /opt/airflow/dags/rss_feed_dag.py
[2023-07-19T18:44:22.986+0000] {processor.py:836} INFO - DAG(s) dict_keys(['RSS_feed_dag']) retrieved from /opt/airflow/dags/rss_feed_dag.py
[2023-07-19T18:44:23.021+0000] {logging_mixin.py:150} INFO - [2023-07-19T18:44:23.020+0000] {dag.py:2742} INFO - Sync 1 DAGs
[2023-07-19T18:44:23.056+0000] {logging_mixin.py:150} INFO - [2023-07-19T18:44:23.056+0000] {dag.py:3508} INFO - Setting next_dagrun for RSS_feed_dag to None, run_after=None
[2023-07-19T18:44:23.089+0000] {processor.py:179} INFO - Processing /opt/airflow/dags/rss_feed_dag.py took 1.210 seconds
[2023-07-19T18:44:53.622+0000] {processor.py:157} INFO - Started process (PID=67) to work on /opt/airflow/dags/rss_feed_dag.py
[2023-07-19T18:44:53.623+0000] {processor.py:826} INFO - Processing file /opt/airflow/dags/rss_feed_dag.py for tasks to queue
[2023-07-19T18:44:53.625+0000] {logging_mixin.py:150} INFO - [2023-07-19T18:44:53.624+0000] {dagbag.py:541} INFO - Filling up the DagBag from /opt/airflow/dags/rss_feed_dag.py
[2023-07-19T18:44:54.477+0000] {processor.py:836} INFO - DAG(s) dict_keys(['RSS_feed_dag']) retrieved from /opt/airflow/dags/rss_feed_dag.py
[2023-07-19T18:44:54.513+0000] {logging_mixin.py:150} INFO - [2023-07-19T18:44:54.513+0000] {dag.py:2742} INFO - Sync 1 DAGs
[2023-07-19T18:44:54.545+0000] {logging_mixin.py:150} INFO - [2023-07-19T18:44:54.544+0000] {dag.py:3508} INFO - Setting next_dagrun for RSS_feed_dag to None, run_after=None
[2023-07-19T18:44:54.591+0000] {processor.py:179} INFO - Processing /opt/airflow/dags/rss_feed_dag.py took 0.979 seconds
[2023-07-19T18:45:25.148+0000] {processor.py:157} INFO - Started process (PID=79) to work on /opt/airflow/dags/rss_feed_dag.py
[2023-07-19T18:45:25.150+0000] {processor.py:826} INFO - Processing file /opt/airflow/dags/rss_feed_dag.py for tasks to queue
[2023-07-19T18:45:25.152+0000] {logging_mixin.py:150} INFO - [2023-07-19T18:45:25.151+0000] {dagbag.py:541} INFO - Filling up the DagBag from /opt/airflow/dags/rss_feed_dag.py
[2023-07-19T18:45:26.114+0000] {processor.py:836} INFO - DAG(s) dict_keys(['RSS_feed_dag']) retrieved from /opt/airflow/dags/rss_feed_dag.py
[2023-07-19T18:45:26.159+0000] {logging_mixin.py:150} INFO - [2023-07-19T18:45:26.159+0000] {dag.py:2742} INFO - Sync 1 DAGs
[2023-07-19T18:45:26.203+0000] {logging_mixin.py:150} INFO - [2023-07-19T18:45:26.203+0000] {dag.py:3508} INFO - Setting next_dagrun for RSS_feed_dag to None, run_after=None
[2023-07-19T18:45:26.283+0000] {processor.py:179} INFO - Processing /opt/airflow/dags/rss_feed_dag.py took 1.140 seconds
[2023-07-19T18:45:56.744+0000] {processor.py:157} INFO - Started process (PID=91) to work on /opt/airflow/dags/rss_feed_dag.py
[2023-07-19T18:45:56.746+0000] {processor.py:826} INFO - Processing file /opt/airflow/dags/rss_feed_dag.py for tasks to queue
[2023-07-19T18:45:56.748+0000] {logging_mixin.py:150} INFO - [2023-07-19T18:45:56.747+0000] {dagbag.py:541} INFO - Filling up the DagBag from /opt/airflow/dags/rss_feed_dag.py
[2023-07-19T18:45:57.492+0000] {processor.py:836} INFO - DAG(s) dict_keys(['RSS_feed_dag']) retrieved from /opt/airflow/dags/rss_feed_dag.py
[2023-07-19T18:45:57.538+0000] {logging_mixin.py:150} INFO - [2023-07-19T18:45:57.537+0000] {dag.py:2742} INFO - Sync 1 DAGs
[2023-07-19T18:45:57.580+0000] {logging_mixin.py:150} INFO - [2023-07-19T18:45:57.579+0000] {dag.py:3508} INFO - Setting next_dagrun for RSS_feed_dag to None, run_after=None
[2023-07-19T18:45:57.630+0000] {processor.py:179} INFO - Processing /opt/airflow/dags/rss_feed_dag.py took 0.893 seconds
