[2023-07-21T09:41:20.131+0000] {logging_mixin.py:150} INFO - Changing /opt/***/logs/dag_id=rss_feed_dag/run_id=manual__2023-07-21T09:41:13.333167+00:00/task_id=download_rss_feed permission to 509
[2023-07-21T09:41:20.197+0000] {logging_mixin.py:150} INFO - Changing /opt/***/logs/dag_id=rss_feed_dag/run_id=manual__2023-07-21T09:41:13.333167+00:00/task_id=download_rss_feed permission to 509
[2023-07-21T09:41:20.314+0000] {taskinstance.py:1103} INFO - Dependencies all met for dep_context=non-requeueable deps ti=<TaskInstance: rss_feed_dag.download_rss_feed manual__2023-07-21T09:41:13.333167+00:00 [queued]>
[2023-07-21T09:41:20.347+0000] {taskinstance.py:1103} INFO - Dependencies all met for dep_context=requeueable deps ti=<TaskInstance: rss_feed_dag.download_rss_feed manual__2023-07-21T09:41:13.333167+00:00 [queued]>
[2023-07-21T09:41:20.348+0000] {taskinstance.py:1308} INFO - Starting attempt 1 of 1
[2023-07-21T09:41:20.407+0000] {taskinstance.py:1327} INFO - Executing <Task(PythonOperator): download_rss_feed> on 2023-07-21 09:41:13.333167+00:00
[2023-07-21T09:41:20.417+0000] {standard_task_runner.py:57} INFO - Started process 89 to run task
[2023-07-21T09:41:20.424+0000] {standard_task_runner.py:84} INFO - Running: ['***', 'tasks', 'run', 'rss_feed_dag', 'download_rss_feed', 'manual__2023-07-21T09:41:13.333167+00:00', '--job-id', '19', '--raw', '--subdir', 'DAGS_FOLDER/saiswaroopa_rss_dag.py', '--cfg-path', '/tmp/tmpw1cptwwn']
[2023-07-21T09:41:20.428+0000] {standard_task_runner.py:85} INFO - Job 19: Subtask download_rss_feed
[2023-07-21T09:41:20.569+0000] {logging_mixin.py:150} INFO - Changing /opt/***/logs/dag_id=rss_feed_dag/run_id=manual__2023-07-21T09:41:13.333167+00:00/task_id=download_rss_feed permission to 509
[2023-07-21T09:41:20.572+0000] {task_command.py:410} INFO - Running <TaskInstance: rss_feed_dag.download_rss_feed manual__2023-07-21T09:41:13.333167+00:00 [running]> on host c02534ee6e6b
[2023-07-21T09:41:21.060+0000] {taskinstance.py:1547} INFO - Exporting env vars: AIRFLOW_CTX_DAG_OWNER='***' AIRFLOW_CTX_DAG_ID='rss_feed_dag' AIRFLOW_CTX_TASK_ID='download_rss_feed' AIRFLOW_CTX_EXECUTION_DATE='2023-07-21T09:41:13.333167+00:00' AIRFLOW_CTX_TRY_NUMBER='1' AIRFLOW_CTX_DAG_RUN_ID='manual__2023-07-21T09:41:13.333167+00:00'
[2023-07-21T09:41:21.063+0000] {taskinstance.py:1824} ERROR - Task failed with exception
Traceback (most recent call last):
  File "/home/airflow/.local/lib/python3.7/site-packages/airflow/operators/python.py", line 181, in execute
    return_value = self.execute_callable()
  File "/home/airflow/.local/lib/python3.7/site-packages/airflow/operators/python.py", line 198, in execute_callable
    return self.python_callable(*self.op_args, **self.op_kwargs)
  File "/opt/airflow/dags/saiswaroopa_rss_dag.py", line 14, in download_rss_feed
    feed = feedparser.parse(rss_url)
NameError: name 'feedparser' is not defined
[2023-07-21T09:41:21.255+0000] {taskinstance.py:1350} INFO - Marking task as FAILED. dag_id=rss_feed_dag, task_id=download_rss_feed, execution_date=20230721T094113, start_date=20230721T094120, end_date=20230721T094121
[2023-07-21T09:41:21.453+0000] {standard_task_runner.py:109} ERROR - Failed to execute job 19 for task download_rss_feed (name 'feedparser' is not defined; 89)
[2023-07-21T09:41:21.514+0000] {local_task_job_runner.py:225} INFO - Task exited with return code 1
[2023-07-21T09:41:21.655+0000] {taskinstance.py:2653} INFO - 0 downstream tasks scheduled from follow-on schedule check
