[2023-07-19T18:10:39.385+0000] {manager.py:487} INFO - Processing files using up to 2 processes at a time 
[2023-07-19T18:10:39.390+0000] {manager.py:488} INFO - Process each file at most once every 30 seconds
[2023-07-19T18:10:39.404+0000] {manager.py:490} INFO - Checking for new files in /opt/airflow/dags every 300 seconds
[2023-07-19T18:10:39.414+0000] {manager.py:758} INFO - Searching for files in /opt/airflow/dags
[2023-07-19T18:10:39.448+0000] {manager.py:761} INFO - There are 0 files in /opt/airflow/dags
[2023-07-19T18:15:39.498+0000] {manager.py:758} INFO - Searching for files in /opt/airflow/dags
[2023-07-19T18:15:39.589+0000] {manager.py:761} INFO - There are 1 files in /opt/airflow/dags
[2023-07-19T18:15:42.781+0000] {manager.py:889} INFO - 
================================================================================
DAG File Processing Stats

File Path                          PID    Runtime      # DAGs    # Errors  Last Runtime    Last Run
---------------------------------  -----  ---------  --------  ----------  --------------  -------------------
/opt/airflow/dags/rss_feed_dag.py                           0           1  0.25s           2023-07-19T18:15:39
================================================================================
[2023-07-19T18:16:13.283+0000] {manager.py:889} INFO - 
================================================================================
DAG File Processing Stats

File Path                          PID    Runtime      # DAGs    # Errors  Last Runtime    Last Run
---------------------------------  -----  ---------  --------  ----------  --------------  -------------------
/opt/airflow/dags/rss_feed_dag.py                           0           1  0.21s           2023-07-19T18:16:10
================================================================================
[2023-07-19T18:16:43.727+0000] {manager.py:889} INFO - 
================================================================================
DAG File Processing Stats

File Path                          PID    Runtime      # DAGs    # Errors  Last Runtime    Last Run
---------------------------------  -----  ---------  --------  ----------  --------------  -------------------
/opt/airflow/dags/rss_feed_dag.py                           0           1  0.26s           2023-07-19T18:16:40
================================================================================
[2023-07-19T18:17:14.227+0000] {manager.py:889} INFO - 
================================================================================
DAG File Processing Stats

File Path                          PID    Runtime      # DAGs    # Errors  Last Runtime    Last Run
---------------------------------  -----  ---------  --------  ----------  --------------  -------------------
/opt/airflow/dags/rss_feed_dag.py                           0           1  0.23s           2023-07-19T18:17:11
================================================================================
[2023-07-19T18:17:44.529+0000] {manager.py:889} INFO - 
================================================================================
DAG File Processing Stats

File Path                          PID    Runtime      # DAGs    # Errors  Last Runtime    Last Run
---------------------------------  -----  ---------  --------  ----------  --------------  -------------------
/opt/airflow/dags/rss_feed_dag.py                           0           1  0.22s           2023-07-19T18:17:41
================================================================================
[2023-07-19T18:18:15.058+0000] {manager.py:889} INFO - 
================================================================================
DAG File Processing Stats

File Path                          PID    Runtime      # DAGs    # Errors  Last Runtime    Last Run
---------------------------------  -----  ---------  --------  ----------  --------------  -------------------
/opt/airflow/dags/rss_feed_dag.py                           0           1  0.23s           2023-07-19T18:18:12
================================================================================
[2023-07-19T18:18:16.142+0000] {manager.py:470} INFO - Exiting gracefully upon receiving signal 15
[2023-07-19T18:19:37.677+0000] {manager.py:487} INFO - Processing files using up to 2 processes at a time 
[2023-07-19T18:19:37.692+0000] {manager.py:488} INFO - Process each file at most once every 30 seconds
[2023-07-19T18:19:37.707+0000] {manager.py:490} INFO - Checking for new files in /opt/airflow/dags every 300 seconds
[2023-07-19T18:19:37.712+0000] {manager.py:758} INFO - Searching for files in /opt/airflow/dags
[2023-07-19T18:19:37.916+0000] {manager.py:761} INFO - There are 1 files in /opt/airflow/dags
[2023-07-19T18:19:38.434+0000] {manager.py:889} INFO - 
================================================================================
DAG File Processing Stats

File Path                            PID  Runtime      # DAGs    # Errors  Last Runtime    Last Run
---------------------------------  -----  ---------  --------  ----------  --------------  ----------
/opt/airflow/dags/rss_feed_dag.py     31  0.29s             0           0
================================================================================
[2023-07-19T18:20:08.495+0000] {manager.py:889} INFO - 
================================================================================
DAG File Processing Stats

File Path                          PID    Runtime      # DAGs    # Errors  Last Runtime    Last Run
---------------------------------  -----  ---------  --------  ----------  --------------  -------------------
/opt/airflow/dags/rss_feed_dag.py                           1           0  3.28s           2023-07-19T18:19:41
================================================================================
[2023-07-19T18:20:38.544+0000] {manager.py:889} INFO - 
================================================================================
DAG File Processing Stats

File Path                          PID    Runtime      # DAGs    # Errors  Last Runtime    Last Run
---------------------------------  -----  ---------  --------  ----------  --------------  -------------------
/opt/airflow/dags/rss_feed_dag.py                           1           0  0.74s           2023-07-19T18:20:12
================================================================================
[2023-07-19T18:21:08.865+0000] {manager.py:889} INFO - 
================================================================================
DAG File Processing Stats

File Path                          PID    Runtime      # DAGs    # Errors  Last Runtime    Last Run
---------------------------------  -----  ---------  --------  ----------  --------------  -------------------
/opt/airflow/dags/rss_feed_dag.py                           1           0  0.82s           2023-07-19T18:20:43
================================================================================
[2023-07-19T18:21:38.986+0000] {manager.py:889} INFO - 
================================================================================
DAG File Processing Stats

File Path                          PID    Runtime      # DAGs    # Errors  Last Runtime    Last Run
---------------------------------  -----  ---------  --------  ----------  --------------  -------------------
/opt/airflow/dags/rss_feed_dag.py                           1           0  0.69s           2023-07-19T18:21:14
================================================================================
[2023-07-19T18:21:39.506+0000] {manager.py:470} INFO - Exiting gracefully upon receiving signal 15
[2023-07-19T18:43:18.546+0000] {manager.py:487} INFO - Processing files using up to 2 processes at a time 
[2023-07-19T18:43:18.550+0000] {manager.py:488} INFO - Process each file at most once every 30 seconds
[2023-07-19T18:43:18.551+0000] {manager.py:490} INFO - Checking for new files in /opt/airflow/dags every 300 seconds
[2023-07-19T18:43:18.551+0000] {manager.py:758} INFO - Searching for files in /opt/airflow/dags
[2023-07-19T18:43:18.704+0000] {manager.py:761} INFO - There are 1 files in /opt/airflow/dags
[2023-07-19T18:43:18.954+0000] {manager.py:889} INFO - 
================================================================================
DAG File Processing Stats

File Path                            PID  Runtime      # DAGs    # Errors  Last Runtime    Last Run
---------------------------------  -----  ---------  --------  ----------  --------------  ----------
/opt/airflow/dags/rss_feed_dag.py     31  0.17s             0           0
================================================================================
[2023-07-19T18:43:49.220+0000] {manager.py:889} INFO - 
================================================================================
DAG File Processing Stats

File Path                          PID    Runtime      # DAGs    # Errors  Last Runtime    Last Run
---------------------------------  -----  ---------  --------  ----------  --------------  -------------------
/opt/airflow/dags/rss_feed_dag.py                           1           0  1.72s           2023-07-19T18:43:20
================================================================================
[2023-07-19T18:44:19.763+0000] {manager.py:889} INFO - 
================================================================================
DAG File Processing Stats

File Path                          PID    Runtime      # DAGs    # Errors  Last Runtime    Last Run
---------------------------------  -----  ---------  --------  ----------  --------------  -------------------
/opt/airflow/dags/rss_feed_dag.py                           1           0  1.11s           2023-07-19T18:43:51
================================================================================
[2023-07-19T18:44:50.498+0000] {manager.py:889} INFO - 
================================================================================
DAG File Processing Stats

File Path                          PID    Runtime      # DAGs    # Errors  Last Runtime    Last Run
---------------------------------  -----  ---------  --------  ----------  --------------  -------------------
/opt/airflow/dags/rss_feed_dag.py                           1           0  1.29s           2023-07-19T18:44:23
================================================================================
[2023-07-19T18:45:21.021+0000] {manager.py:889} INFO - 
================================================================================
DAG File Processing Stats

File Path                          PID    Runtime      # DAGs    # Errors  Last Runtime    Last Run
---------------------------------  -----  ---------  --------  ----------  --------------  -------------------
/opt/airflow/dags/rss_feed_dag.py                           1           0  1.03s           2023-07-19T18:44:54
================================================================================
[2023-07-19T18:45:51.481+0000] {manager.py:889} INFO - 
================================================================================
DAG File Processing Stats

File Path                          PID    Runtime      # DAGs    # Errors  Last Runtime    Last Run
---------------------------------  -----  ---------  --------  ----------  --------------  -------------------
/opt/airflow/dags/rss_feed_dag.py                           1           0  1.19s           2023-07-19T18:45:26
================================================================================
[2023-07-19T18:46:11.998+0000] {manager.py:470} INFO - Exiting gracefully upon receiving signal 15
[2023-07-20T06:49:25.998+0000] {manager.py:487} INFO - Processing files using up to 2 processes at a time 
[2023-07-20T06:49:26.052+0000] {manager.py:488} INFO - Process each file at most once every 30 seconds
[2023-07-20T06:49:26.095+0000] {manager.py:490} INFO - Checking for new files in /opt/airflow/dags every 300 seconds
[2023-07-20T06:49:26.103+0000] {manager.py:758} INFO - Searching for files in /opt/airflow/dags
[2023-07-20T06:49:26.134+0000] {manager.py:761} INFO - There are 1 files in /opt/airflow/dags
[2023-07-20T06:49:26.385+0000] {manager.py:889} INFO - 
================================================================================
DAG File Processing Stats

File Path                            PID  Runtime      # DAGs    # Errors  Last Runtime    Last Run
---------------------------------  -----  ---------  --------  ----------  --------------  ----------
/opt/airflow/dags/rss_feed_dag.py     31  0.12s             0           0
================================================================================
[2023-07-20T06:49:56.620+0000] {manager.py:889} INFO - 
================================================================================
DAG File Processing Stats

File Path                          PID    Runtime      # DAGs    # Errors  Last Runtime    Last Run
---------------------------------  -----  ---------  --------  ----------  --------------  -------------------
/opt/airflow/dags/rss_feed_dag.py                           1           0  1.95s           2023-07-20T06:49:28
================================================================================
[2023-07-20T06:50:26.794+0000] {manager.py:889} INFO - 
================================================================================
DAG File Processing Stats

File Path                          PID    Runtime      # DAGs    # Errors  Last Runtime    Last Run
---------------------------------  -----  ---------  --------  ----------  --------------  -------------------
/opt/airflow/dags/rss_feed_dag.py                           1           0  1.23s           2023-07-20T06:49:59
================================================================================
[2023-07-20T06:50:57.477+0000] {manager.py:889} INFO - 
================================================================================
DAG File Processing Stats

File Path                          PID    Runtime      # DAGs    # Errors  Last Runtime    Last Run
---------------------------------  -----  ---------  --------  ----------  --------------  -------------------
/opt/airflow/dags/rss_feed_dag.py                           1           0  1.19s           2023-07-20T06:50:31
================================================================================
[2023-07-20T06:51:28.088+0000] {manager.py:889} INFO - 
================================================================================
DAG File Processing Stats

File Path                          PID    Runtime      # DAGs    # Errors  Last Runtime    Last Run
---------------------------------  -----  ---------  --------  ----------  --------------  -------------------
/opt/airflow/dags/rss_feed_dag.py                           1           0  1.17s           2023-07-20T06:51:02
================================================================================
[2023-07-20T06:51:58.746+0000] {manager.py:889} INFO - 
================================================================================
DAG File Processing Stats

File Path                          PID    Runtime      # DAGs    # Errors  Last Runtime    Last Run
---------------------------------  -----  ---------  --------  ----------  --------------  -------------------
/opt/airflow/dags/rss_feed_dag.py                           1           0  1.18s           2023-07-20T06:51:34
================================================================================
[2023-07-20T06:52:28.863+0000] {manager.py:889} INFO - 
================================================================================
DAG File Processing Stats

File Path                          PID    Runtime      # DAGs    # Errors  Last Runtime    Last Run
---------------------------------  -----  ---------  --------  ----------  --------------  -------------------
/opt/airflow/dags/rss_feed_dag.py                           1           0  1.01s           2023-07-20T06:52:05
================================================================================
[2023-07-20T06:52:59.009+0000] {manager.py:889} INFO - 
================================================================================
DAG File Processing Stats

File Path                          PID    Runtime      # DAGs    # Errors  Last Runtime    Last Run
---------------------------------  -----  ---------  --------  ----------  --------------  -------------------
/opt/airflow/dags/rss_feed_dag.py                           1           0  2.20s           2023-07-20T06:52:38
================================================================================
[2023-07-20T06:53:29.430+0000] {manager.py:889} INFO - 
================================================================================
DAG File Processing Stats

File Path                          PID    Runtime      # DAGs    # Errors  Last Runtime    Last Run
---------------------------------  -----  ---------  --------  ----------  --------------  -------------------
/opt/airflow/dags/rss_feed_dag.py                           1           0  1.25s           2023-07-20T06:53:10
================================================================================
[2023-07-20T06:53:59.781+0000] {manager.py:889} INFO - 
================================================================================
DAG File Processing Stats

File Path                          PID    Runtime      # DAGs    # Errors  Last Runtime    Last Run
---------------------------------  -----  ---------  --------  ----------  --------------  -------------------
/opt/airflow/dags/rss_feed_dag.py                           1           0  0.79s           2023-07-20T06:53:41
================================================================================
[2023-07-20T06:54:26.177+0000] {manager.py:758} INFO - Searching for files in /opt/airflow/dags
[2023-07-20T06:54:26.208+0000] {manager.py:761} INFO - There are 1 files in /opt/airflow/dags
[2023-07-20T06:54:30.276+0000] {manager.py:889} INFO - 
================================================================================
DAG File Processing Stats

File Path                          PID    Runtime      # DAGs    # Errors  Last Runtime    Last Run
---------------------------------  -----  ---------  --------  ----------  --------------  -------------------
/opt/airflow/dags/rss_feed_dag.py                           1           0  0.99s           2023-07-20T06:54:13
================================================================================
[2023-07-20T06:55:01.065+0000] {manager.py:889} INFO - 
================================================================================
DAG File Processing Stats

File Path                          PID    Runtime      # DAGs    # Errors  Last Runtime    Last Run
---------------------------------  -----  ---------  --------  ----------  --------------  -------------------
/opt/airflow/dags/rss_feed_dag.py                           1           0  1.05s           2023-07-20T06:54:44
================================================================================
[2023-07-20T06:55:02.943+0000] {manager.py:470} INFO - Exiting gracefully upon receiving signal 15
[2023-07-20T07:00:39.729+0000] {manager.py:487} INFO - Processing files using up to 2 processes at a time 
[2023-07-20T07:00:39.754+0000] {manager.py:488} INFO - Process each file at most once every 30 seconds
[2023-07-20T07:00:39.755+0000] {manager.py:490} INFO - Checking for new files in /opt/airflow/dags every 300 seconds
[2023-07-20T07:00:39.756+0000] {manager.py:758} INFO - Searching for files in /opt/airflow/dags
[2023-07-20T07:00:39.947+0000] {manager.py:761} INFO - There are 1 files in /opt/airflow/dags
[2023-07-20T07:00:40.288+0000] {manager.py:889} INFO - 
================================================================================
DAG File Processing Stats

File Path                            PID  Runtime      # DAGs    # Errors  Last Runtime    Last Run
---------------------------------  -----  ---------  --------  ----------  --------------  ----------
/opt/airflow/dags/rss_feed_dag.py     31  0.22s             0           0
================================================================================
[2023-07-20T07:01:11.154+0000] {manager.py:889} INFO - 
================================================================================
DAG File Processing Stats

File Path                            PID  Runtime      # DAGs    # Errors  Last Runtime    Last Run
---------------------------------  -----  ---------  --------  ----------  --------------  -------------------
/opt/airflow/dags/rss_feed_dag.py     39  0.07s             0           1  0.32s           2023-07-20T07:00:40
================================================================================
[2023-07-20T07:01:41.489+0000] {manager.py:889} INFO - 
================================================================================
DAG File Processing Stats

File Path                          PID    Runtime      # DAGs    # Errors  Last Runtime    Last Run
---------------------------------  -----  ---------  --------  ----------  --------------  -------------------
/opt/airflow/dags/rss_feed_dag.py                           0           1  3.06s           2023-07-20T07:01:14
================================================================================
[2023-07-20T07:02:11.955+0000] {manager.py:889} INFO - 
================================================================================
DAG File Processing Stats

File Path                          PID    Runtime      # DAGs    # Errors  Last Runtime    Last Run
---------------------------------  -----  ---------  --------  ----------  --------------  -------------------
/opt/airflow/dags/rss_feed_dag.py                           0           1  0.30s           2023-07-20T07:01:44
================================================================================
[2023-07-20T07:02:42.709+0000] {manager.py:889} INFO - 
================================================================================
DAG File Processing Stats

File Path                          PID    Runtime      # DAGs    # Errors  Last Runtime    Last Run
---------------------------------  -----  ---------  --------  ----------  --------------  -------------------
/opt/airflow/dags/rss_feed_dag.py                           1           0  1.07s           2023-07-20T07:02:36
================================================================================
[2023-07-20T07:03:13.268+0000] {manager.py:889} INFO - 
================================================================================
DAG File Processing Stats

File Path                          PID    Runtime      # DAGs    # Errors  Last Runtime    Last Run
---------------------------------  -----  ---------  --------  ----------  --------------  -------------------
/opt/airflow/dags/rss_feed_dag.py                           1           0  0.93s           2023-07-20T07:03:08
================================================================================
[2023-07-20T07:03:41.943+0000] {manager.py:470} INFO - Exiting gracefully upon receiving signal 15
